23:48:42  INFO      run_all_crawlers — ==================================================
23:48:42  INFO      run_all_crawlers — ▶  Crawler 1/4 — 128 Wikipedia articles in 8 languages
23:48:42  INFO      run_all_crawlers — ==================================================
23:48:42  INFO      wikipediaapi — Wikipedia: language=en, user_agent: KumbhMela2027-AIAssistant/1.0 (Educational; contact: kumbh2027@example.com) (Wikipedia-API/0.7.1; https://github.com/martin-majlis/Wikipedia-API/), extract_format=1
23:48:42  INFO      wikipediaapi — Wikipedia: language=hi, user_agent: KumbhMela2027-AIAssistant/1.0 (Educational; contact: kumbh2027@example.com) (Wikipedia-API/0.7.1; https://github.com/martin-majlis/Wikipedia-API/), extract_format=1
23:48:42  INFO      wikipediaapi — Wikipedia: language=mr, user_agent: KumbhMela2027-AIAssistant/1.0 (Educational; contact: kumbh2027@example.com) (Wikipedia-API/0.7.1; https://github.com/martin-majlis/Wikipedia-API/), extract_format=1
23:48:42  INFO      wikipediaapi — Wikipedia: language=gu, user_agent: KumbhMela2027-AIAssistant/1.0 (Educational; contact: kumbh2027@example.com) (Wikipedia-API/0.7.1; https://github.com/martin-majlis/Wikipedia-API/), extract_format=1
23:48:42  INFO      wikipediaapi — Wikipedia: language=ta, user_agent: KumbhMela2027-AIAssistant/1.0 (Educational; contact: kumbh2027@example.com) (Wikipedia-API/0.7.1; https://github.com/martin-majlis/Wikipedia-API/), extract_format=1
23:48:42  INFO      wikipediaapi — Wikipedia: language=te, user_agent: KumbhMela2027-AIAssistant/1.0 (Educational; contact: kumbh2027@example.com) (Wikipedia-API/0.7.1; https://github.com/martin-majlis/Wikipedia-API/), extract_format=1
23:48:42  INFO      wikipediaapi — Wikipedia: language=kn, user_agent: KumbhMela2027-AIAssistant/1.0 (Educational; contact: kumbh2027@example.com) (Wikipedia-API/0.7.1; https://github.com/martin-majlis/Wikipedia-API/), extract_format=1
23:48:42  INFO      wikipediaapi — Wikipedia: language=ml, user_agent: KumbhMela2027-AIAssistant/1.0 (Educational; contact: kumbh2027@example.com) (Wikipedia-API/0.7.1; https://github.com/martin-majlis/Wikipedia-API/), extract_format=1
23:48:42  INFO      wikipedia_spider — [1/128] Fetching en/nashik_kumbh_mela: 'Nashik-Trimbakeshwar Simhastha'
23:48:42  INFO      wikipediaapi — Request URL: https://en.wikipedia.org/w/api.php?action=query&prop=info&titles=Nashik-Trimbakeshwar Simhastha&inprop=protection|talkid|watched|watchers|visitingwatchers|notificationtimestamp|subjectid|url|readable|preload|displaytitle
23:48:43  INFO      wikipediaapi — Request URL: https://en.wikipedia.org/w/api.php?action=query&prop=extracts&titles=Nashik-Trimbakeshwar Simhastha&explaintext=1&exsectionformat=wiki
23:48:43  INFO      wikipedia_spider —   Saved nashik_kumbh_mela_en.json (6262 chars)
23:48:44  INFO      wikipedia_spider — [2/128] Fetching hi/nashik_kumbh_mela: 'नाशिक कुंभ मेला'
23:48:44  INFO      wikipediaapi — Request URL: https://hi.wikipedia.org/w/api.php?action=query&prop=info&titles=नाशिक कुंभ मेला&inprop=protection|talkid|watched|watchers|visitingwatchers|notificationtimestamp|subjectid|url|readable|preload|displaytitle
23:48:45  WARNING   wikipedia_spider —   No content for hi/nashik_kumbh_mela
23:48:46  INFO      wikipedia_spider — [3/128] Fetching mr/nashik_kumbh_mela: 'नाशिक कुंभमेळा'
23:48:46  INFO      wikipediaapi — Request URL: https://mr.wikipedia.org/w/api.php?action=query&prop=info&titles=नाशिक कुंभमेळा&inprop=protection|talkid|watched|watchers|visitingwatchers|notificationtimestamp|subjectid|url|readable|preload|displaytitle
23:48:47  WARNING   wikipedia_spider —   No content for mr/nashik_kumbh_mela
23:48:48  INFO      wikipedia_spider — [4/128] Fetching gu/nashik_kumbh_mela: 'નાસિક કુંભ મેળો'
23:48:48  INFO      wikipediaapi — Request URL: https://gu.wikipedia.org/w/api.php?action=query&prop=info&titles=નાસિક કુંભ મેળો&inprop=protection|talkid|watched|watchers|visitingwatchers|notificationtimestamp|subjectid|url|readable|preload|displaytitle
23:48:49  WARNING   wikipedia_spider —   No content for gu/nashik_kumbh_mela
23:48:50  INFO      wikipedia_spider — [5/128] Fetching ta/nashik_kumbh_mela: 'நாசிக் கும்பமேளா'
23:48:50  INFO      wikipediaapi — Request URL: https://ta.wikipedia.org/w/api.php?action=query&prop=info&titles=நாசிக் கும்பமேளா&inprop=protection|talkid|watched|watchers|visitingwatchers|notificationtimestamp|subjectid|url|readable|preload|displaytitle
23:48:51  INFO      wikipediaapi — Request URL: https://ta.wikipedia.org/w/api.php?action=query&prop=extracts&titles=நாசிக் கும்பமேளா&explaintext=1&exsectionformat=wiki
23:48:52  INFO      wikipedia_spider —   Saved nashik_kumbh_mela_ta.json (3191 chars)
23:48:53  INFO      wikipedia_spider — [6/128] Fetching te/nashik_kumbh_mela: 'నాసిక్ కుంభమేళా'
23:48:53  INFO      wikipediaapi — Request URL: https://te.wikipedia.org/w/api.php?action=query&prop=info&titles=నాసిక్ కుంభమేళా&inprop=protection|talkid|watched|watchers|visitingwatchers|notificationtimestamp|subjectid|url|readable|preload|displaytitle
23:48:54  WARNING   wikipedia_spider —   No content for te/nashik_kumbh_mela
23:48:55  INFO      wikipedia_spider — [7/128] Fetching kn/nashik_kumbh_mela: 'ನಾಸಿಕ್ ಕುಂಭಮೇಳ'
23:48:55  INFO      wikipediaapi — Request URL: https://kn.wikipedia.org/w/api.php?action=query&prop=info&titles=ನಾಸಿಕ್ ಕುಂಭಮೇಳ&inprop=protection|talkid|watched|watchers|visitingwatchers|notificationtimestamp|subjectid|url|readable|preload|displaytitle
23:48:56  WARNING   wikipedia_spider —   No content for kn/nashik_kumbh_mela
23:48:57  INFO      wikipedia_spider — [8/128] Fetching ml/nashik_kumbh_mela: 'നാസിക് കുംഭമേള'
23:48:57  INFO      wikipediaapi — Request URL: https://ml.wikipedia.org/w/api.php?action=query&prop=info&titles=നാസിക് കുംഭമേള&inprop=protection|talkid|watched|watchers|visitingwatchers|notificationtimestamp|subjectid|url|readable|preload|displaytitle
23:48:58  WARNING   wikipedia_spider —   No content for ml/nashik_kumbh_mela
23:48:59  INFO      wikipedia_spider — [9/128] Fetching en/simhastha: 'Simhastha'
23:48:59  INFO      wikipediaapi — Request URL: https://en.wikipedia.org/w/api.php?action=query&prop=info&titles=Simhastha&inprop=protection|talkid|watched|watchers|visitingwatchers|notificationtimestamp|subjectid|url|readable|preload|displaytitle
23:48:59  INFO      wikipediaapi — Request URL: https://en.wikipedia.org/w/api.php?action=query&prop=extracts&titles=Kumbh Mela&explaintext=1&exsectionformat=wiki
23:49:00  INFO      wikipedia_spider —   Saved simhastha_en.json (42308 chars)
23:49:01  INFO      wikipedia_spider — [10/128] Fetching hi/simhastha: 'सिंहस्थ'
23:49:01  INFO      wikipediaapi — Request URL: https://hi.wikipedia.org/w/api.php?action=query&prop=info&titles=सिंहस्थ&inprop=protection|talkid|watched|watchers|visitingwatchers|notificationtimestamp|subjectid|url|readable|preload|displaytitle
23:49:01  INFO      wikipediaapi — Request URL: https://hi.wikipedia.org/w/api.php?action=query&prop=extracts&titles=सिंहस्थ&explaintext=1&exsectionformat=wiki
23:49:02  INFO      wikipedia_spider —   Saved simhastha_hi.json (3706 chars)
23:49:03  INFO      wikipedia_spider — [11/128] Fetching mr/simhastha: 'सिंहस्थ'
23:49:03  INFO      wikipediaapi — Request URL: https://mr.wikipedia.org/w/api.php?action=query&prop=info&titles=सिंहस्थ&inprop=protection|talkid|watched|watchers|visitingwatchers|notificationtimestamp|subjectid|url|readable|preload|displaytitle
23:49:04  INFO      wikipediaapi — Request URL: https://mr.wikipedia.org/w/api.php?action=query&prop=extracts&titles=सिंहस्थ कुंभमेळा&explaintext=1&exsectionformat=wiki
23:49:05  INFO      wikipedia_spider —   Saved simhastha_mr.json (3971 chars)
23:49:06  INFO      wikipedia_spider — [12/128] Fetching gu/simhastha: 'સિંહસ્થ'
23:49:06  INFO      wikipediaapi — Request URL: https://gu.wikipedia.org/w/api.php?action=query&prop=info&titles=સિંહસ્થ&inprop=protection|talkid|watched|watchers|visitingwatchers|notificationtimestamp|subjectid|url|readable|preload|displaytitle
23:49:07  WARNING   wikipedia_spider —   No content for gu/simhastha
23:49:08  INFO      wikipedia_spider — [13/128] Fetching ta/simhastha: 'சிம்ஹஸ்த'
23:49:08  INFO      wikipediaapi — Request URL: https://ta.wikipedia.org/w/api.php?action=query&prop=info&titles=சிம்ஹஸ்த&inprop=protection|talkid|watched|watchers|visitingwatchers|notificationtimestamp|subjectid|url|readable|preload|displaytitle
23:49:08  WARNING   wikipedia_spider —   No content for ta/simhastha
23:49:09  INFO      wikipedia_spider — [14/128] Fetching te/simhastha: 'సింహస్థ'
23:49:09  INFO      wikipediaapi — Request URL: https://te.wikipedia.org/w/api.php?action=query&prop=info&titles=సింహస్థ&inprop=protection|talkid|watched|watchers|visitingwatchers|notificationtimestamp|subjectid|url|readable|preload|displaytitle
23:49:10  WARNING   wikipedia_spider —   No content for te/simhastha
23:49:11  INFO      wikipedia_spider — [15/128] Fetching kn/simhastha: 'ಸಿಂಹಸ್ಥ'
23:49:11  INFO      wikipediaapi — Request URL: https://kn.wikipedia.org/w/api.php?action=query&prop=info&titles=ಸಿಂಹಸ್ಥ&inprop=protection|talkid|watched|watchers|visitingwatchers|notificationtimestamp|subjectid|url|readable|preload|displaytitle
23:49:12  WARNING   wikipedia_spider —   No content for kn/simhastha
23:49:13  INFO      wikipedia_spider — [16/128] Fetching ml/simhastha: 'സിംഹസ്ഥ'
23:49:13  INFO      wikipediaapi — Request URL: https://ml.wikipedia.org/w/api.php?action=query&prop=info&titles=സിംഹസ്ഥ&inprop=protection|talkid|watched|watchers|visitingwatchers|notificationtimestamp|subjectid|url|readable|preload|displaytitle
23:49:13  WARNING   wikipedia_spider —   No content for ml/simhastha
23:49:14  INFO      wikipedia_spider — [17/128] Fetching en/kumbh_mela: 'Kumbh Mela'
23:49:14  INFO      wikipediaapi — Request URL: https://en.wikipedia.org/w/api.php?action=query&prop=info&titles=Kumbh Mela&inprop=protection|talkid|watched|watchers|visitingwatchers|notificationtimestamp|subjectid|url|readable|preload|displaytitle
23:49:15  INFO      wikipediaapi — Request URL: https://en.wikipedia.org/w/api.php?action=query&prop=extracts&titles=Kumbh Mela&explaintext=1&exsectionformat=wiki
23:49:15  INFO      wikipedia_spider —   Saved kumbh_mela_en.json (42308 chars)
23:49:16  INFO      wikipedia_spider — [18/128] Fetching hi/kumbh_mela: 'कुम्भ मेला'
23:49:16  INFO      wikipediaapi — Request URL: https://hi.wikipedia.org/w/api.php?action=query&prop=info&titles=कुम्भ मेला&inprop=protection|talkid|watched|watchers|visitingwatchers|notificationtimestamp|subjectid|url|readable|preload|displaytitle
23:49:17  INFO      wikipediaapi — Request URL: https://hi.wikipedia.org/w/api.php?action=query&prop=extracts&titles=कुम्भ मेला&explaintext=1&exsectionformat=wiki
23:49:17  INFO      wikipedia_spider —   Saved kumbh_mela_hi.json (7443 chars)
23:49:18  INFO      wikipedia_spider — [19/128] Fetching mr/kumbh_mela: 'कुंभ मेळा'
23:49:18  INFO      wikipediaapi — Request URL: https://mr.wikipedia.org/w/api.php?action=query&prop=info&titles=कुंभ मेळा&inprop=protection|talkid|watched|watchers|visitingwatchers|notificationtimestamp|subjectid|url|readable|preload|displaytitle
23:49:19  WARNING   wikipedia_spider —   No content for mr/kumbh_mela
23:49:20  INFO      wikipedia_spider — [20/128] Fetching gu/kumbh_mela: 'કુંભ મેળો'
23:49:20  INFO      wikipediaapi — Request URL: https://gu.wikipedia.org/w/api.php?action=query&prop=info&titles=કુંભ મેળો&inprop=protection|talkid|watched|watchers|visitingwatchers|notificationtimestamp|subjectid|url|readable|preload|displaytitle
23:49:20  INFO      wikipediaapi — Request URL: https://gu.wikipedia.org/w/api.php?action=query&prop=extracts&titles=કુંભ મેળો&explaintext=1&exsectionformat=wiki
23:49:21  INFO      wikipedia_spider —   Saved kumbh_mela_gu.json (1748 chars)
23:49:22  INFO      wikipedia_spider — [21/128] Fetching ta/kumbh_mela: 'கும்பமேளா'
23:49:22  INFO      wikipediaapi — Request URL: https://ta.wikipedia.org/w/api.php?action=query&prop=info&titles=கும்பமேளா&inprop=protection|talkid|watched|watchers|visitingwatchers|notificationtimestamp|subjectid|url|readable|preload|displaytitle
23:49:22  INFO      wikipediaapi — Request URL: https://ta.wikipedia.org/w/api.php?action=query&prop=extracts&titles=கும்பமேளா&explaintext=1&exsectionformat=wiki
23:49:23  INFO      wikipedia_spider —   Saved kumbh_mela_ta.json (5671 chars)
23:49:24  INFO      wikipedia_spider — [22/128] Fetching te/kumbh_mela: 'కుంభమేళా'
23:49:24  INFO      wikipediaapi — Request URL: https://te.wikipedia.org/w/api.php?action=query&prop=info&titles=కుంభమేళా&inprop=protection|talkid|watched|watchers|visitingwatchers|notificationtimestamp|subjectid|url|readable|preload|displaytitle
23:49:24  INFO      wikipediaapi — Request URL: https://te.wikipedia.org/w/api.php?action=query&prop=extracts&titles=కుంభమేళా&explaintext=1&exsectionformat=wiki
23:49:25  INFO      wikipedia_spider —   Saved kumbh_mela_te.json (11870 chars)
23:49:26  INFO      wikipedia_spider — [23/128] Fetching kn/kumbh_mela: 'ಕುಂಭಮೇಳ'
23:49:26  INFO      wikipediaapi — Request URL: https://kn.wikipedia.org/w/api.php?action=query&prop=info&titles=ಕುಂಭಮೇಳ&inprop=protection|talkid|watched|watchers|visitingwatchers|notificationtimestamp|subjectid|url|readable|preload|displaytitle
23:49:27  WARNING   wikipedia_spider —   No content for kn/kumbh_mela
23:49:28  INFO      wikipedia_spider — [24/128] Fetching ml/kumbh_mela: 'കുംഭമേള'
23:49:28  INFO      wikipediaapi — Request URL: https://ml.wikipedia.org/w/api.php?action=query&prop=info&titles=കുംഭമേള&inprop=protection|talkid|watched|watchers|visitingwatchers|notificationtimestamp|subjectid|url|readable|preload|displaytitle
23:49:29  INFO      wikipediaapi — Request URL: https://ml.wikipedia.org/w/api.php?action=query&prop=extracts&titles=കുംഭമേള&explaintext=1&exsectionformat=wiki
23:49:29  INFO      wikipedia_spider —   Saved kumbh_mela_ml.json (2088 chars)
23:49:30  INFO      wikipedia_spider — [25/128] Fetching en/godavari_river: 'Godavari River'
23:49:30  INFO      wikipediaapi — Request URL: https://en.wikipedia.org/w/api.php?action=query&prop=info&titles=Godavari River&inprop=protection|talkid|watched|watchers|visitingwatchers|notificationtimestamp|subjectid|url|readable|preload|displaytitle
23:49:31  INFO      wikipediaapi — Request URL: https://en.wikipedia.org/w/api.php?action=query&prop=extracts&titles=Godavari River&explaintext=1&exsectionformat=wiki
23:49:31  INFO      wikipedia_spider —   Saved godavari_river_en.json (33871 chars)
23:49:32  INFO      wikipedia_spider — [26/128] Fetching hi/godavari_river: 'गोदावरी नदी'
23:49:32  INFO      wikipediaapi — Request URL: https://hi.wikipedia.org/w/api.php?action=query&prop=info&titles=गोदावरी नदी&inprop=protection|talkid|watched|watchers|visitingwatchers|notificationtimestamp|subjectid|url|readable|preload|displaytitle
23:49:33  INFO      wikipediaapi — Request URL: https://hi.wikipedia.org/w/api.php?action=query&prop=extracts&titles=गोदावरी नदी&explaintext=1&exsectionformat=wiki
23:49:34  INFO      wikipedia_spider —   Saved godavari_river_hi.json (2247 chars)
23:49:35  INFO      wikipedia_spider — [27/128] Fetching mr/godavari_river: 'गोदावरी नदी'
23:49:35  INFO      wikipediaapi — Request URL: https://mr.wikipedia.org/w/api.php?action=query&prop=info&titles=गोदावरी नदी&inprop=protection|talkid|watched|watchers|visitingwatchers|notificationtimestamp|subjectid|url|readable|preload|displaytitle
23:49:35  INFO      wikipediaapi — Request URL: https://mr.wikipedia.org/w/api.php?action=query&prop=extracts&titles=गोदावरी नदी&explaintext=1&exsectionformat=wiki
23:49:37  INFO      wikipedia_spider —   Saved godavari_river_mr.json (13751 chars)
23:49:38  INFO      wikipedia_spider — [28/128] Fetching gu/godavari_river: 'ગોદાવરી નદી'
23:49:38  INFO      wikipediaapi — Request URL: https://gu.wikipedia.org/w/api.php?action=query&prop=info&titles=ગોદાવરી નદી&inprop=protection|talkid|watched|watchers|visitingwatchers|notificationtimestamp|subjectid|url|readable|preload|displaytitle
23:49:38  WARNING   wikipedia_spider —   No content for gu/godavari_river
23:49:39  INFO      wikipedia_spider — [29/128] Fetching ta/godavari_river: 'கோதாவரி நதி'
23:49:39  INFO      wikipediaapi — Request URL: https://ta.wikipedia.org/w/api.php?action=query&prop=info&titles=கோதாவரி நதி&inprop=protection|talkid|watched|watchers|visitingwatchers|notificationtimestamp|subjectid|url|readable|preload|displaytitle
23:49:39  INFO      wikipediaapi — Request URL: https://ta.wikipedia.org/w/api.php?action=query&prop=extracts&titles=கோதாவரி&explaintext=1&exsectionformat=wiki
23:49:40  INFO      wikipedia_spider —   Saved godavari_river_ta.json (4837 chars)
23:49:41  INFO      wikipedia_spider — [30/128] Fetching te/godavari_river: 'గోదావరి నది'
23:49:41  INFO      wikipediaapi — Request URL: https://te.wikipedia.org/w/api.php?action=query&prop=info&titles=గోదావరి నది&inprop=protection|talkid|watched|watchers|visitingwatchers|notificationtimestamp|subjectid|url|readable|preload|displaytitle
23:49:41  INFO      wikipediaapi — Request URL: https://te.wikipedia.org/w/api.php?action=query&prop=extracts&titles=గోదావరి&explaintext=1&exsectionformat=wiki
23:49:42  INFO      wikipedia_spider —   Saved godavari_river_te.json (3742 chars)
23:49:43  INFO      wikipedia_spider — [31/128] Fetching kn/godavari_river: 'ಗೋದಾವರಿ ನದಿ'
23:49:43  INFO      wikipediaapi — Request URL: https://kn.wikipedia.org/w/api.php?action=query&prop=info&titles=ಗೋದಾವರಿ ನದಿ&inprop=protection|talkid|watched|watchers|visitingwatchers|notificationtimestamp|subjectid|url|readable|preload|displaytitle
23:49:43  WARNING   wikipedia_spider —   No content for kn/godavari_river
23:49:44  INFO      wikipedia_spider — [32/128] Fetching ml/godavari_river: 'ഗോദാവരി നദി'
23:49:44  INFO      wikipediaapi — Request URL: https://ml.wikipedia.org/w/api.php?action=query&prop=info&titles=ഗോദാവരി നദി&inprop=protection|talkid|watched|watchers|visitingwatchers|notificationtimestamp|subjectid|url|readable|preload|displaytitle
23:49:45  INFO      wikipediaapi — Request URL: https://ml.wikipedia.org/w/api.php?action=query&prop=extracts&titles=ഗോദാവരി നദി&explaintext=1&exsectionformat=wiki
23:49:45  INFO      wikipedia_spider —   Saved godavari_river_ml.json (1783 chars)
23:49:46  INFO      wikipedia_spider — [33/128] Fetching en/ramkund: 'Ramkund'
23:49:46  INFO      wikipediaapi — Request URL: https://en.wikipedia.org/w/api.php?action=query&prop=info&titles=Ramkund&inprop=protection|talkid|watched|watchers|visitingwatchers|notificationtimestamp|subjectid|url|readable|preload|displaytitle
23:49:47  WARNING   wikipedia_spider —   No content for en/ramkund
23:49:48  INFO      wikipedia_spider — [34/128] Fetching hi/ramkund: 'रामकुंड'
23:49:48  INFO      wikipediaapi — Request URL: https://hi.wikipedia.org/w/api.php?action=query&prop=info&titles=रामकुंड&inprop=protection|talkid|watched|watchers|visitingwatchers|notificationtimestamp|subjectid|url|readable|preload|displaytitle
23:49:49  WARNING   wikipedia_spider —   No content for hi/ramkund
23:49:50  INFO      wikipedia_spider — [35/128] Fetching mr/ramkund: 'रामकुंड'
23:49:50  INFO      wikipediaapi — Request URL: https://mr.wikipedia.org/w/api.php?action=query&prop=info&titles=रामकुंड&inprop=protection|talkid|watched|watchers|visitingwatchers|notificationtimestamp|subjectid|url|readable|preload|displaytitle
23:49:50  INFO      wikipediaapi — Request URL: https://mr.wikipedia.org/w/api.php?action=query&prop=extracts&titles=रामकुंड&explaintext=1&exsectionformat=wiki
23:49:50  INFO      wikipedia_spider —   Saved ramkund_mr.json (877 chars)
23:49:51  INFO      wikipedia_spider — [36/128] Fetching gu/ramkund: 'રામકુંડ'
23:49:51  INFO      wikipediaapi — Request URL: https://gu.wikipedia.org/w/api.php?action=query&prop=info&titles=રામકુંડ&inprop=protection|talkid|watched|watchers|visitingwatchers|notificationtimestamp|subjectid|url|readable|preload|displaytitle
23:49:52  WARNING   wikipedia_spider —   No content for gu/ramkund
23:49:53  INFO      wikipedia_spider — [37/128] Fetching ta/ramkund: 'ராம்குண்ட்'
23:49:53  INFO      wikipediaapi — Request URL: https://ta.wikipedia.org/w/api.php?action=query&prop=info&titles=ராம்குண்ட்&inprop=protection|talkid|watched|watchers|visitingwatchers|notificationtimestamp|subjectid|url|readable|preload|displaytitle
23:49:54  WARNING   wikipedia_spider —   No content for ta/ramkund
23:49:55  INFO      wikipedia_spider — [38/128] Fetching te/ramkund: 'రామకుండ'
23:49:55  INFO      wikipediaapi — Request URL: https://te.wikipedia.org/w/api.php?action=query&prop=info&titles=రామకుండ&inprop=protection|talkid|watched|watchers|visitingwatchers|notificationtimestamp|subjectid|url|readable|preload|displaytitle
23:49:55  WARNING   wikipedia_spider —   No content for te/ramkund
23:49:56  INFO      wikipedia_spider — [39/128] Fetching kn/ramkund: 'ರಾಮಕುಂಡ'
23:49:56  INFO      wikipediaapi — Request URL: https://kn.wikipedia.org/w/api.php?action=query&prop=info&titles=ರಾಮಕುಂಡ&inprop=protection|talkid|watched|watchers|visitingwatchers|notificationtimestamp|subjectid|url|readable|preload|displaytitle
23:49:57  WARNING   wikipedia_spider —   No content for kn/ramkund
23:49:58  INFO      wikipedia_spider — [40/128] Fetching ml/ramkund: 'രാംകുണ്ഡ്'
23:49:58  INFO      wikipediaapi — Request URL: https://ml.wikipedia.org/w/api.php?action=query&prop=info&titles=രാംകുണ്ഡ്&inprop=protection|talkid|watched|watchers|visitingwatchers|notificationtimestamp|subjectid|url|readable|preload|displaytitle
23:49:59  WARNING   wikipedia_spider —   No content for ml/ramkund
23:50:00  INFO      wikipedia_spider — [41/128] Fetching en/trimbakeshwar: 'Trimbakeshwar Shiva Temple'
23:50:00  INFO      wikipediaapi — Request URL: https://en.wikipedia.org/w/api.php?action=query&prop=info&titles=Trimbakeshwar Shiva Temple&inprop=protection|talkid|watched|watchers|visitingwatchers|notificationtimestamp|subjectid|url|readable|preload|displaytitle
23:50:01  INFO      wikipediaapi — Request URL: https://en.wikipedia.org/w/api.php?action=query&prop=extracts&titles=Trimbakeshwar Temple&explaintext=1&exsectionformat=wiki
23:50:01  INFO      wikipedia_spider —   Saved trimbakeshwar_en.json (9449 chars)
23:50:02  INFO      wikipedia_spider — [42/128] Fetching hi/trimbakeshwar: 'त्र्यंबकेश्वर'
23:50:02  INFO      wikipediaapi — Request URL: https://hi.wikipedia.org/w/api.php?action=query&prop=info&titles=त्र्यंबकेश्वर&inprop=protection|talkid|watched|watchers|visitingwatchers|notificationtimestamp|subjectid|url|readable|preload|displaytitle
23:50:03  WARNING   wikipedia_spider —   No content for hi/trimbakeshwar
23:50:04  INFO      wikipedia_spider — [43/128] Fetching mr/trimbakeshwar: 'त्र्यंबकेश्वर'
23:50:04  INFO      wikipediaapi — Request URL: https://mr.wikipedia.org/w/api.php?action=query&prop=info&titles=त्र्यंबकेश्वर&inprop=protection|talkid|watched|watchers|visitingwatchers|notificationtimestamp|subjectid|url|readable|preload|displaytitle
23:50:04  INFO      wikipediaapi — Request URL: https://mr.wikipedia.org/w/api.php?action=query&prop=extracts&titles=त्र्यंबकेश्वर मंदिर&explaintext=1&exsectionformat=wiki
23:50:05  INFO      wikipedia_spider —   Saved trimbakeshwar_mr.json (9563 chars)
23:50:06  INFO      wikipedia_spider — [44/128] Fetching gu/trimbakeshwar: 'ત્ર્યંબકેશ્વર'
23:50:06  INFO      wikipediaapi — Request URL: https://gu.wikipedia.org/w/api.php?action=query&prop=info&titles=ત્ર્યંબકેશ્વર&inprop=protection|talkid|watched|watchers|visitingwatchers|notificationtimestamp|subjectid|url|readable|preload|displaytitle
23:50:07  INFO      wikipediaapi — Request URL: https://gu.wikipedia.org/w/api.php?action=query&prop=extracts&titles=ત્રંબક&explaintext=1&exsectionformat=wiki
23:50:08  INFO      wikipedia_spider —   Saved trimbakeshwar_gu.json (204 chars)
23:50:09  INFO      wikipedia_spider — [45/128] Fetching ta/trimbakeshwar: 'திரிம்பகேஸ்வர்'
23:50:09  INFO      wikipediaapi — Request URL: https://ta.wikipedia.org/w/api.php?action=query&prop=info&titles=திரிம்பகேஸ்வர்&inprop=protection|talkid|watched|watchers|visitingwatchers|notificationtimestamp|subjectid|url|readable|preload|displaytitle
23:50:09  WARNING   wikipedia_spider —   No content for ta/trimbakeshwar
23:50:10  INFO      wikipedia_spider — [46/128] Fetching te/trimbakeshwar: 'త్రింబకేశ్వర'
23:50:10  INFO      wikipediaapi — Request URL: https://te.wikipedia.org/w/api.php?action=query&prop=info&titles=త్రింబకేశ్వర&inprop=protection|talkid|watched|watchers|visitingwatchers|notificationtimestamp|subjectid|url|readable|preload|displaytitle
23:50:11  WARNING   wikipedia_spider —   No content for te/trimbakeshwar
23:50:12  INFO      wikipedia_spider — [47/128] Fetching kn/trimbakeshwar: 'ತ್ರಿಂಬಕೇಶ್ವರ'
23:50:12  INFO      wikipediaapi — Request URL: https://kn.wikipedia.org/w/api.php?action=query&prop=info&titles=ತ್ರಿಂಬಕೇಶ್ವರ&inprop=protection|talkid|watched|watchers|visitingwatchers|notificationtimestamp|subjectid|url|readable|preload|displaytitle
23:50:13  WARNING   wikipedia_spider —   No content for kn/trimbakeshwar
23:50:14  INFO      wikipedia_spider — [48/128] Fetching ml/trimbakeshwar: 'ത്രിംബകേശ്വർ'
23:50:14  INFO      wikipediaapi — Request URL: https://ml.wikipedia.org/w/api.php?action=query&prop=info&titles=ത്രിംബകേശ്വർ&inprop=protection|talkid|watched|watchers|visitingwatchers|notificationtimestamp|subjectid|url|readable|preload|displaytitle
23:50:15  WARNING   wikipedia_spider —   No content for ml/trimbakeshwar
23:50:16  INFO      wikipedia_spider — [49/128] Fetching en/kalaram_temple: 'Kalaram Temple'
23:50:16  INFO      wikipediaapi — Request URL: https://en.wikipedia.org/w/api.php?action=query&prop=info&titles=Kalaram Temple&inprop=protection|talkid|watched|watchers|visitingwatchers|notificationtimestamp|subjectid|url|readable|preload|displaytitle
23:50:16  INFO      wikipediaapi — Request URL: https://en.wikipedia.org/w/api.php?action=query&prop=extracts&titles=Kalaram Temple&explaintext=1&exsectionformat=wiki
23:50:17  INFO      wikipedia_spider —   Saved kalaram_temple_en.json (3094 chars)
23:50:18  INFO      wikipedia_spider — [50/128] Fetching hi/kalaram_temple: 'कालाराम मंदिर'
23:50:18  INFO      wikipediaapi — Request URL: https://hi.wikipedia.org/w/api.php?action=query&prop=info&titles=कालाराम मंदिर&inprop=protection|talkid|watched|watchers|visitingwatchers|notificationtimestamp|subjectid|url|readable|preload|displaytitle
23:50:18  WARNING   wikipedia_spider —   No content for hi/kalaram_temple
23:50:19  INFO      wikipedia_spider — [51/128] Fetching mr/kalaram_temple: 'कालाराम मंदिर'
23:50:19  INFO      wikipediaapi — Request URL: https://mr.wikipedia.org/w/api.php?action=query&prop=info&titles=कालाराम मंदिर&inprop=protection|talkid|watched|watchers|visitingwatchers|notificationtimestamp|subjectid|url|readable|preload|displaytitle
23:50:20  WARNING   wikipedia_spider —   No content for mr/kalaram_temple
23:50:21  INFO      wikipedia_spider — [52/128] Fetching gu/kalaram_temple: 'કાળારામ મંદિર'
23:50:21  INFO      wikipediaapi — Request URL: https://gu.wikipedia.org/w/api.php?action=query&prop=info&titles=કાળારામ મંદિર&inprop=protection|talkid|watched|watchers|visitingwatchers|notificationtimestamp|subjectid|url|readable|preload|displaytitle
23:50:22  WARNING   wikipedia_spider —   No content for gu/kalaram_temple
23:50:23  INFO      wikipedia_spider — [53/128] Fetching ta/kalaram_temple: 'காளாராம் கோயில்'
23:50:23  INFO      wikipediaapi — Request URL: https://ta.wikipedia.org/w/api.php?action=query&prop=info&titles=காளாராம் கோயில்&inprop=protection|talkid|watched|watchers|visitingwatchers|notificationtimestamp|subjectid|url|readable|preload|displaytitle
23:50:24  WARNING   wikipedia_spider —   No content for ta/kalaram_temple
23:50:25  INFO      wikipedia_spider — [54/128] Fetching te/kalaram_temple: 'కాళారామ మందిరం'
23:50:25  INFO      wikipediaapi — Request URL: https://te.wikipedia.org/w/api.php?action=query&prop=info&titles=కాళారామ మందిరం&inprop=protection|talkid|watched|watchers|visitingwatchers|notificationtimestamp|subjectid|url|readable|preload|displaytitle
23:50:26  WARNING   wikipedia_spider —   No content for te/kalaram_temple
23:50:27  INFO      wikipedia_spider — [55/128] Fetching kn/kalaram_temple: 'ಕಾಳಾರಾಮ ದೇವಸ್ಥಾನ'
23:50:27  INFO      wikipediaapi — Request URL: https://kn.wikipedia.org/w/api.php?action=query&prop=info&titles=ಕಾಳಾರಾಮ ದೇವಸ್ಥಾನ&inprop=protection|talkid|watched|watchers|visitingwatchers|notificationtimestamp|subjectid|url|readable|preload|displaytitle
23:50:28  WARNING   wikipedia_spider —   No content for kn/kalaram_temple
23:50:29  INFO      wikipedia_spider — [56/128] Fetching ml/kalaram_temple: 'കാളാറാം ക്ഷേത്രം'
23:50:29  INFO      wikipediaapi — Request URL: https://ml.wikipedia.org/w/api.php?action=query&prop=info&titles=കാളാറാം ക്ഷേത്രം&inprop=protection|talkid|watched|watchers|visitingwatchers|notificationtimestamp|subjectid|url|readable|preload|displaytitle
23:50:29  WARNING   wikipedia_spider —   No content for ml/kalaram_temple
23:50:30  INFO      wikipedia_spider — [57/128] Fetching en/saptashrungi: 'Saptashringi'
23:50:30  INFO      wikipediaapi — Request URL: https://en.wikipedia.org/w/api.php?action=query&prop=info&titles=Saptashringi&inprop=protection|talkid|watched|watchers|visitingwatchers|notificationtimestamp|subjectid|url|readable|preload|displaytitle
23:50:31  INFO      wikipediaapi — Request URL: https://en.wikipedia.org/w/api.php?action=query&prop=extracts&titles=Saptashrungi&explaintext=1&exsectionformat=wiki
23:50:32  INFO      wikipedia_spider —   Saved saptashrungi_en.json (22396 chars)
23:50:33  INFO      wikipedia_spider — [58/128] Fetching hi/saptashrungi: 'सप्तश्रृंगी'
23:50:33  INFO      wikipediaapi — Request URL: https://hi.wikipedia.org/w/api.php?action=query&prop=info&titles=सप्तश्रृंगी&inprop=protection|talkid|watched|watchers|visitingwatchers|notificationtimestamp|subjectid|url|readable|preload|displaytitle
23:50:33  WARNING   wikipedia_spider —   No content for hi/saptashrungi
23:50:34  INFO      wikipedia_spider — [59/128] Fetching mr/saptashrungi: 'सप्तशृंगी'
23:50:34  INFO      wikipediaapi — Request URL: https://mr.wikipedia.org/w/api.php?action=query&prop=info&titles=सप्तशृंगी&inprop=protection|talkid|watched|watchers|visitingwatchers|notificationtimestamp|subjectid|url|readable|preload|displaytitle
23:50:35  INFO      wikipediaapi — Request URL: https://mr.wikipedia.org/w/api.php?action=query&prop=extracts&titles=सप्तशृंगी&explaintext=1&exsectionformat=wiki
23:50:36  INFO      wikipedia_spider —   Saved saptashrungi_mr.json (5122 chars)
23:50:37  INFO      wikipedia_spider — [60/128] Fetching gu/saptashrungi: 'સપ્તશ્રૃંગી'
23:50:37  INFO      wikipediaapi — Request URL: https://gu.wikipedia.org/w/api.php?action=query&prop=info&titles=સપ્તશ્રૃંગી&inprop=protection|talkid|watched|watchers|visitingwatchers|notificationtimestamp|subjectid|url|readable|preload|displaytitle
23:50:38  WARNING   wikipedia_spider —   No content for gu/saptashrungi
23:50:39  INFO      wikipedia_spider — [61/128] Fetching ta/saptashrungi: 'சப்தஸ்ரிங்கி'
23:50:39  INFO      wikipediaapi — Request URL: https://ta.wikipedia.org/w/api.php?action=query&prop=info&titles=சப்தஸ்ரிங்கி&inprop=protection|talkid|watched|watchers|visitingwatchers|notificationtimestamp|subjectid|url|readable|preload|displaytitle
23:50:41  WARNING   wikipedia_spider —   No content for ta/saptashrungi
23:50:42  INFO      wikipedia_spider — [62/128] Fetching te/saptashrungi: 'సప్తశృంగి'
23:50:42  INFO      wikipediaapi — Request URL: https://te.wikipedia.org/w/api.php?action=query&prop=info&titles=సప్తశృంగి&inprop=protection|talkid|watched|watchers|visitingwatchers|notificationtimestamp|subjectid|url|readable|preload|displaytitle
23:50:42  INFO      wikipediaapi — Request URL: https://te.wikipedia.org/w/api.php?action=query&prop=extracts&titles=సప్తశృంగి&explaintext=1&exsectionformat=wiki
23:50:43  INFO      wikipedia_spider —   Saved saptashrungi_te.json (19974 chars)
23:50:44  INFO      wikipedia_spider — [63/128] Fetching kn/saptashrungi: 'ಸಪ್ತಶೃಂಗಿ'
23:50:44  INFO      wikipediaapi — Request URL: https://kn.wikipedia.org/w/api.php?action=query&prop=info&titles=ಸಪ್ತಶೃಂಗಿ&inprop=protection|talkid|watched|watchers|visitingwatchers|notificationtimestamp|subjectid|url|readable|preload|displaytitle
23:50:45  INFO      wikipediaapi — Request URL: https://kn.wikipedia.org/w/api.php?action=query&prop=extracts&titles=ಸಪ್ತಶೃಂಗಿ&explaintext=1&exsectionformat=wiki
23:50:47  INFO      wikipedia_spider —   Saved saptashrungi_kn.json (19488 chars)
23:50:48  INFO      wikipedia_spider — [64/128] Fetching ml/saptashrungi: 'സപ്തശ്രൃംഗി'
23:50:48  INFO      wikipediaapi — Request URL: https://ml.wikipedia.org/w/api.php?action=query&prop=info&titles=സപ്തശ്രൃംഗി&inprop=protection|talkid|watched|watchers|visitingwatchers|notificationtimestamp|subjectid|url|readable|preload|displaytitle
23:50:49  WARNING   wikipedia_spider —   No content for ml/saptashrungi
23:50:50  INFO      wikipedia_spider — [65/128] Fetching en/panchavati: 'Panchavati, Nashik'
23:50:50  INFO      wikipediaapi — Request URL: https://en.wikipedia.org/w/api.php?action=query&prop=info&titles=Panchavati, Nashik&inprop=protection|talkid|watched|watchers|visitingwatchers|notificationtimestamp|subjectid|url|readable|preload|displaytitle
23:50:50  WARNING   wikipedia_spider —   No content for en/panchavati
23:50:51  INFO      wikipedia_spider — [66/128] Fetching hi/panchavati: 'पंचवटी, नाशिक'
23:50:51  INFO      wikipediaapi — Request URL: https://hi.wikipedia.org/w/api.php?action=query&prop=info&titles=पंचवटी, नाशिक&inprop=protection|talkid|watched|watchers|visitingwatchers|notificationtimestamp|subjectid|url|readable|preload|displaytitle
23:50:52  WARNING   wikipedia_spider —   No content for hi/panchavati
23:50:53  INFO      wikipedia_spider — [67/128] Fetching mr/panchavati: 'पंचवटी, नाशिक'
23:50:54  INFO      wikipediaapi — Request URL: https://mr.wikipedia.org/w/api.php?action=query&prop=info&titles=पंचवटी, नाशिक&inprop=protection|talkid|watched|watchers|visitingwatchers|notificationtimestamp|subjectid|url|readable|preload|displaytitle
23:50:54  WARNING   wikipedia_spider —   No content for mr/panchavati
23:50:55  INFO      wikipedia_spider — [68/128] Fetching gu/panchavati: 'પંચવટી, નાસિક'
23:50:55  INFO      wikipediaapi — Request URL: https://gu.wikipedia.org/w/api.php?action=query&prop=info&titles=પંચવટી, નાસિક&inprop=protection|talkid|watched|watchers|visitingwatchers|notificationtimestamp|subjectid|url|readable|preload|displaytitle
23:50:56  WARNING   wikipedia_spider —   No content for gu/panchavati
23:50:57  INFO      wikipedia_spider — [69/128] Fetching ta/panchavati: 'பஞ்சவடி, நாசிக்'
23:50:57  INFO      wikipediaapi — Request URL: https://ta.wikipedia.org/w/api.php?action=query&prop=info&titles=பஞ்சவடி, நாசிக்&inprop=protection|talkid|watched|watchers|visitingwatchers|notificationtimestamp|subjectid|url|readable|preload|displaytitle
23:50:58  WARNING   wikipedia_spider —   No content for ta/panchavati
23:50:59  INFO      wikipedia_spider — [70/128] Fetching te/panchavati: 'పంచవటి, నాసిక్'
23:50:59  INFO      wikipediaapi — Request URL: https://te.wikipedia.org/w/api.php?action=query&prop=info&titles=పంచవటి, నాసిక్&inprop=protection|talkid|watched|watchers|visitingwatchers|notificationtimestamp|subjectid|url|readable|preload|displaytitle
23:51:00  WARNING   wikipedia_spider —   No content for te/panchavati
23:51:01  INFO      wikipedia_spider — [71/128] Fetching kn/panchavati: 'ಪಂಚವಟಿ, ನಾಸಿಕ್'
23:51:01  INFO      wikipediaapi — Request URL: https://kn.wikipedia.org/w/api.php?action=query&prop=info&titles=ಪಂಚವಟಿ, ನಾಸಿಕ್&inprop=protection|talkid|watched|watchers|visitingwatchers|notificationtimestamp|subjectid|url|readable|preload|displaytitle
23:51:02  WARNING   wikipedia_spider —   No content for kn/panchavati
23:51:03  INFO      wikipedia_spider — [72/128] Fetching ml/panchavati: 'പഞ്ചവടി, നാസിക്'
23:51:03  INFO      wikipediaapi — Request URL: https://ml.wikipedia.org/w/api.php?action=query&prop=info&titles=പഞ്ചവടി, നാസിക്&inprop=protection|talkid|watched|watchers|visitingwatchers|notificationtimestamp|subjectid|url|readable|preload|displaytitle
23:51:03  WARNING   wikipedia_spider —   No content for ml/panchavati
23:51:04  INFO      wikipedia_spider — [73/128] Fetching en/nashik_city: 'Nashik'
23:51:04  INFO      wikipediaapi — Request URL: https://en.wikipedia.org/w/api.php?action=query&prop=info&titles=Nashik&inprop=protection|talkid|watched|watchers|visitingwatchers|notificationtimestamp|subjectid|url|readable|preload|displaytitle
23:51:05  INFO      wikipediaapi — Request URL: https://en.wikipedia.org/w/api.php?action=query&prop=extracts&titles=Nashik&explaintext=1&exsectionformat=wiki
23:51:06  INFO      wikipedia_spider —   Saved nashik_city_en.json (18582 chars)
23:51:07  INFO      wikipedia_spider — [74/128] Fetching hi/nashik_city: 'नासिक'
23:51:07  INFO      wikipediaapi — Request URL: https://hi.wikipedia.org/w/api.php?action=query&prop=info&titles=नासिक&inprop=protection|talkid|watched|watchers|visitingwatchers|notificationtimestamp|subjectid|url|readable|preload|displaytitle
23:51:08  INFO      wikipediaapi — Request URL: https://hi.wikipedia.org/w/api.php?action=query&prop=extracts&titles=नाशिक&explaintext=1&exsectionformat=wiki
23:51:10  INFO      wikipedia_spider —   Saved nashik_city_hi.json (8517 chars)
23:51:11  INFO      wikipedia_spider — [75/128] Fetching mr/nashik_city: 'नाशिक'
23:51:11  INFO      wikipediaapi — Request URL: https://mr.wikipedia.org/w/api.php?action=query&prop=info&titles=नाशिक&inprop=protection|talkid|watched|watchers|visitingwatchers|notificationtimestamp|subjectid|url|readable|preload|displaytitle
23:51:11  INFO      wikipediaapi — Request URL: https://mr.wikipedia.org/w/api.php?action=query&prop=extracts&titles=नाशिक&explaintext=1&exsectionformat=wiki
23:51:12  INFO      wikipedia_spider —   Saved nashik_city_mr.json (44435 chars)
23:51:13  INFO      wikipedia_spider — [76/128] Fetching gu/nashik_city: 'નાસિક'
23:51:13  INFO      wikipediaapi — Request URL: https://gu.wikipedia.org/w/api.php?action=query&prop=info&titles=નાસિક&inprop=protection|talkid|watched|watchers|visitingwatchers|notificationtimestamp|subjectid|url|readable|preload|displaytitle
23:51:14  INFO      wikipediaapi — Request URL: https://gu.wikipedia.org/w/api.php?action=query&prop=extracts&titles=નાસિક&explaintext=1&exsectionformat=wiki
23:51:14  INFO      wikipedia_spider —   Saved nashik_city_gu.json (1656 chars)
23:51:15  INFO      wikipedia_spider — [77/128] Fetching ta/nashik_city: 'நாசிக்'
23:51:15  INFO      wikipediaapi — Request URL: https://ta.wikipedia.org/w/api.php?action=query&prop=info&titles=நாசிக்&inprop=protection|talkid|watched|watchers|visitingwatchers|notificationtimestamp|subjectid|url|readable|preload|displaytitle
23:51:16  INFO      wikipediaapi — Request URL: https://ta.wikipedia.org/w/api.php?action=query&prop=extracts&titles=நாசிக்&explaintext=1&exsectionformat=wiki
23:51:16  INFO      wikipedia_spider —   Saved nashik_city_ta.json (574 chars)
23:51:17  INFO      wikipedia_spider — [78/128] Fetching te/nashik_city: 'నాసిక్'
23:51:17  INFO      wikipediaapi — Request URL: https://te.wikipedia.org/w/api.php?action=query&prop=info&titles=నాసిక్&inprop=protection|talkid|watched|watchers|visitingwatchers|notificationtimestamp|subjectid|url|readable|preload|displaytitle
23:51:18  INFO      wikipediaapi — Request URL: https://te.wikipedia.org/w/api.php?action=query&prop=extracts&titles=నాసిక్&explaintext=1&exsectionformat=wiki
23:51:18  INFO      wikipedia_spider —   Saved nashik_city_te.json (2952 chars)
23:51:19  INFO      wikipedia_spider — [79/128] Fetching kn/nashik_city: 'ನಾಸಿಕ್'
23:51:19  INFO      wikipediaapi — Request URL: https://kn.wikipedia.org/w/api.php?action=query&prop=info&titles=ನಾಸಿಕ್&inprop=protection|talkid|watched|watchers|visitingwatchers|notificationtimestamp|subjectid|url|readable|preload|displaytitle
23:51:20  INFO      wikipediaapi — Request URL: https://kn.wikipedia.org/w/api.php?action=query&prop=extracts&titles=ನಾಸಿಕ್&explaintext=1&exsectionformat=wiki
23:51:20  INFO      wikipedia_spider —   Saved nashik_city_kn.json (4330 chars)
23:51:21  INFO      wikipedia_spider — [80/128] Fetching ml/nashik_city: 'നാസിക്'
23:51:21  INFO      wikipediaapi — Request URL: https://ml.wikipedia.org/w/api.php?action=query&prop=info&titles=നാസിക്&inprop=protection|talkid|watched|watchers|visitingwatchers|notificationtimestamp|subjectid|url|readable|preload|displaytitle
23:51:22  INFO      wikipediaapi — Request URL: https://ml.wikipedia.org/w/api.php?action=query&prop=extracts&titles=നാസിക്&explaintext=1&exsectionformat=wiki
23:51:23  INFO      wikipedia_spider —   Saved nashik_city_ml.json (530 chars)
23:51:24  INFO      wikipedia_spider — [81/128] Fetching en/juna_akhara: 'Juna Akhara'
23:51:24  INFO      wikipediaapi — Request URL: https://en.wikipedia.org/w/api.php?action=query&prop=info&titles=Juna Akhara&inprop=protection|talkid|watched|watchers|visitingwatchers|notificationtimestamp|subjectid|url|readable|preload|displaytitle
23:51:25  WARNING   wikipedia_spider —   No content for en/juna_akhara
23:51:26  INFO      wikipedia_spider — [82/128] Fetching hi/juna_akhara: 'जूना अखाड़ा'
23:51:26  INFO      wikipediaapi — Request URL: https://hi.wikipedia.org/w/api.php?action=query&prop=info&titles=जूना अखाड़ा&inprop=protection|talkid|watched|watchers|visitingwatchers|notificationtimestamp|subjectid|url|readable|preload|displaytitle
23:51:27  WARNING   wikipedia_spider —   No content for hi/juna_akhara
23:51:28  INFO      wikipedia_spider — [83/128] Fetching mr/juna_akhara: 'जुना आखाडा'
23:51:28  INFO      wikipediaapi — Request URL: https://mr.wikipedia.org/w/api.php?action=query&prop=info&titles=जुना आखाडा&inprop=protection|talkid|watched|watchers|visitingwatchers|notificationtimestamp|subjectid|url|readable|preload|displaytitle
23:51:28  WARNING   wikipedia_spider —   No content for mr/juna_akhara
23:51:29  INFO      wikipedia_spider — [84/128] Fetching gu/juna_akhara: 'જૂના અખાડા'
23:51:29  INFO      wikipediaapi — Request URL: https://gu.wikipedia.org/w/api.php?action=query&prop=info&titles=જૂના અખાડા&inprop=protection|talkid|watched|watchers|visitingwatchers|notificationtimestamp|subjectid|url|readable|preload|displaytitle
23:51:30  WARNING   wikipedia_spider —   No content for gu/juna_akhara
23:51:31  INFO      wikipedia_spider — [85/128] Fetching ta/juna_akhara: 'ஜூனா அகாரா'
23:51:31  INFO      wikipediaapi — Request URL: https://ta.wikipedia.org/w/api.php?action=query&prop=info&titles=ஜூனா அகாரா&inprop=protection|talkid|watched|watchers|visitingwatchers|notificationtimestamp|subjectid|url|readable|preload|displaytitle
23:51:32  WARNING   wikipedia_spider —   No content for ta/juna_akhara
23:51:33  INFO      wikipedia_spider — [86/128] Fetching te/juna_akhara: 'జూనా అఖారా'
23:51:33  INFO      wikipediaapi — Request URL: https://te.wikipedia.org/w/api.php?action=query&prop=info&titles=జూనా అఖారా&inprop=protection|talkid|watched|watchers|visitingwatchers|notificationtimestamp|subjectid|url|readable|preload|displaytitle
23:51:34  WARNING   wikipedia_spider —   No content for te/juna_akhara
23:51:35  INFO      wikipedia_spider — [87/128] Fetching kn/juna_akhara: 'ಜೂನಾ ಅಖಾರಾ'
23:51:35  INFO      wikipediaapi — Request URL: https://kn.wikipedia.org/w/api.php?action=query&prop=info&titles=ಜೂನಾ ಅಖಾರಾ&inprop=protection|talkid|watched|watchers|visitingwatchers|notificationtimestamp|subjectid|url|readable|preload|displaytitle
23:51:36  WARNING   wikipedia_spider —   No content for kn/juna_akhara
23:51:37  INFO      wikipedia_spider — [88/128] Fetching ml/juna_akhara: 'ജൂനാ അഖാര'
23:51:37  INFO      wikipediaapi — Request URL: https://ml.wikipedia.org/w/api.php?action=query&prop=info&titles=ജൂനാ അഖാര&inprop=protection|talkid|watched|watchers|visitingwatchers|notificationtimestamp|subjectid|url|readable|preload|displaytitle
23:51:37  WARNING   wikipedia_spider —   No content for ml/juna_akhara
23:51:38  INFO      wikipedia_spider — [89/128] Fetching en/niranjani_akhara: 'Niranjani Akhara'
23:51:38  INFO      wikipediaapi — Request URL: https://en.wikipedia.org/w/api.php?action=query&prop=info&titles=Niranjani Akhara&inprop=protection|talkid|watched|watchers|visitingwatchers|notificationtimestamp|subjectid|url|readable|preload|displaytitle
23:51:39  INFO      wikipediaapi — Request URL: https://en.wikipedia.org/w/api.php?action=query&prop=extracts&titles=Daśanāmi Sampradaya&explaintext=1&exsectionformat=wiki
23:51:39  INFO      wikipedia_spider —   Saved niranjani_akhara_en.json (10375 chars)
23:51:40  INFO      wikipedia_spider — [90/128] Fetching hi/niranjani_akhara: 'निरंजनी अखाड़ा'
23:51:40  INFO      wikipediaapi — Request URL: https://hi.wikipedia.org/w/api.php?action=query&prop=info&titles=निरंजनी अखाड़ा&inprop=protection|talkid|watched|watchers|visitingwatchers|notificationtimestamp|subjectid|url|readable|preload|displaytitle
23:51:41  WARNING   wikipedia_spider —   No content for hi/niranjani_akhara
23:51:42  INFO      wikipedia_spider — [91/128] Fetching mr/niranjani_akhara: 'निरंजनी आखाडा'
23:51:42  INFO      wikipediaapi — Request URL: https://mr.wikipedia.org/w/api.php?action=query&prop=info&titles=निरंजनी आखाडा&inprop=protection|talkid|watched|watchers|visitingwatchers|notificationtimestamp|subjectid|url|readable|preload|displaytitle
23:51:43  WARNING   wikipedia_spider —   No content for mr/niranjani_akhara
23:51:44  INFO      wikipedia_spider — [92/128] Fetching gu/niranjani_akhara: 'નિરંજની અખાડા'
23:51:44  INFO      wikipediaapi — Request URL: https://gu.wikipedia.org/w/api.php?action=query&prop=info&titles=નિરંજની અખાડા&inprop=protection|talkid|watched|watchers|visitingwatchers|notificationtimestamp|subjectid|url|readable|preload|displaytitle
23:51:45  WARNING   wikipedia_spider —   No content for gu/niranjani_akhara
23:51:46  INFO      wikipedia_spider — [93/128] Fetching ta/niranjani_akhara: 'நிரஞ்சனி அகாரா'
23:51:46  INFO      wikipediaapi — Request URL: https://ta.wikipedia.org/w/api.php?action=query&prop=info&titles=நிரஞ்சனி அகாரா&inprop=protection|talkid|watched|watchers|visitingwatchers|notificationtimestamp|subjectid|url|readable|preload|displaytitle
23:51:46  WARNING   wikipedia_spider —   No content for ta/niranjani_akhara
23:51:47  INFO      wikipedia_spider — [94/128] Fetching te/niranjani_akhara: 'నిరంజని అఖారా'
23:51:47  INFO      wikipediaapi — Request URL: https://te.wikipedia.org/w/api.php?action=query&prop=info&titles=నిరంజని అఖారా&inprop=protection|talkid|watched|watchers|visitingwatchers|notificationtimestamp|subjectid|url|readable|preload|displaytitle
23:51:48  WARNING   wikipedia_spider —   No content for te/niranjani_akhara
23:51:49  INFO      wikipedia_spider — [95/128] Fetching kn/niranjani_akhara: 'ನಿರಂಜನಿ ಅಖಾರಾ'
23:51:49  INFO      wikipediaapi — Request URL: https://kn.wikipedia.org/w/api.php?action=query&prop=info&titles=ನಿರಂಜನಿ ಅಖಾರಾ&inprop=protection|talkid|watched|watchers|visitingwatchers|notificationtimestamp|subjectid|url|readable|preload|displaytitle
23:51:50  WARNING   wikipedia_spider —   No content for kn/niranjani_akhara
23:51:51  INFO      wikipedia_spider — [96/128] Fetching ml/niranjani_akhara: 'നിരഞ്ജനി അഖാര'
23:51:51  INFO      wikipediaapi — Request URL: https://ml.wikipedia.org/w/api.php?action=query&prop=info&titles=നിരഞ്ജനി അഖാര&inprop=protection|talkid|watched|watchers|visitingwatchers|notificationtimestamp|subjectid|url|readable|preload|displaytitle
23:51:52  WARNING   wikipedia_spider —   No content for ml/niranjani_akhara
23:51:53  INFO      wikipedia_spider — [97/128] Fetching en/mahanirvani_akhara: 'Mahanirvani Akhara'
23:51:53  INFO      wikipediaapi — Request URL: https://en.wikipedia.org/w/api.php?action=query&prop=info&titles=Mahanirvani Akhara&inprop=protection|talkid|watched|watchers|visitingwatchers|notificationtimestamp|subjectid|url|readable|preload|displaytitle
23:51:53  INFO      wikipediaapi — Request URL: https://en.wikipedia.org/w/api.php?action=query&prop=extracts&titles=Mahanirvani Akhara&explaintext=1&exsectionformat=wiki
23:51:53  INFO      wikipedia_spider —   Saved mahanirvani_akhara_en.json (925 chars)
23:51:54  INFO      wikipedia_spider — [98/128] Fetching hi/mahanirvani_akhara: 'महानिर्वाणी अखाड़ा'
23:51:54  INFO      wikipediaapi — Request URL: https://hi.wikipedia.org/w/api.php?action=query&prop=info&titles=महानिर्वाणी अखाड़ा&inprop=protection|talkid|watched|watchers|visitingwatchers|notificationtimestamp|subjectid|url|readable|preload|displaytitle
23:51:55  WARNING   wikipedia_spider —   No content for hi/mahanirvani_akhara
23:51:56  INFO      wikipedia_spider — [99/128] Fetching mr/mahanirvani_akhara: 'महानिर्वाणी आखाडा'
23:51:56  INFO      wikipediaapi — Request URL: https://mr.wikipedia.org/w/api.php?action=query&prop=info&titles=महानिर्वाणी आखाडा&inprop=protection|talkid|watched|watchers|visitingwatchers|notificationtimestamp|subjectid|url|readable|preload|displaytitle
23:51:57  WARNING   wikipedia_spider —   No content for mr/mahanirvani_akhara
23:51:58  INFO      wikipedia_spider — [100/128] Fetching gu/mahanirvani_akhara: 'મહાનિર્વાણી અખાડા'
23:51:58  INFO      wikipediaapi — Request URL: https://gu.wikipedia.org/w/api.php?action=query&prop=info&titles=મહાનિર્વાણી અખાડા&inprop=protection|talkid|watched|watchers|visitingwatchers|notificationtimestamp|subjectid|url|readable|preload|displaytitle
23:51:59  WARNING   wikipedia_spider —   No content for gu/mahanirvani_akhara
23:52:00  INFO      wikipedia_spider — [101/128] Fetching ta/mahanirvani_akhara: 'மஹாநிர்வாணி அகாரா'
23:52:00  INFO      wikipediaapi — Request URL: https://ta.wikipedia.org/w/api.php?action=query&prop=info&titles=மஹாநிர்வாணி அகாரா&inprop=protection|talkid|watched|watchers|visitingwatchers|notificationtimestamp|subjectid|url|readable|preload|displaytitle
23:52:00  WARNING   wikipedia_spider —   No content for ta/mahanirvani_akhara
23:52:01  INFO      wikipedia_spider — [102/128] Fetching te/mahanirvani_akhara: 'మహానిర్వాణి అఖారా'
23:52:01  INFO      wikipediaapi — Request URL: https://te.wikipedia.org/w/api.php?action=query&prop=info&titles=మహానిర్వాణి అఖారా&inprop=protection|talkid|watched|watchers|visitingwatchers|notificationtimestamp|subjectid|url|readable|preload|displaytitle
23:52:02  WARNING   wikipedia_spider —   No content for te/mahanirvani_akhara
23:52:03  INFO      wikipedia_spider — [103/128] Fetching kn/mahanirvani_akhara: 'ಮಹಾನಿರ್ವಾಣಿ ಅಖಾರಾ'
23:52:03  INFO      wikipediaapi — Request URL: https://kn.wikipedia.org/w/api.php?action=query&prop=info&titles=ಮಹಾನಿರ್ವಾಣಿ ಅಖಾರಾ&inprop=protection|talkid|watched|watchers|visitingwatchers|notificationtimestamp|subjectid|url|readable|preload|displaytitle
23:52:04  WARNING   wikipedia_spider —   No content for kn/mahanirvani_akhara
23:52:05  INFO      wikipedia_spider — [104/128] Fetching ml/mahanirvani_akhara: 'മഹാനിർവാണി അഖാര'
23:52:05  INFO      wikipediaapi — Request URL: https://ml.wikipedia.org/w/api.php?action=query&prop=info&titles=മഹാനിർവാണി അഖാര&inprop=protection|talkid|watched|watchers|visitingwatchers|notificationtimestamp|subjectid|url|readable|preload|displaytitle
23:52:06  WARNING   wikipedia_spider —   No content for ml/mahanirvani_akhara
23:52:07  INFO      wikipedia_spider — [105/128] Fetching en/shahi_snan: 'Shahi Snan'
23:52:07  INFO      wikipediaapi — Request URL: https://en.wikipedia.org/w/api.php?action=query&prop=info&titles=Shahi Snan&inprop=protection|talkid|watched|watchers|visitingwatchers|notificationtimestamp|subjectid|url|readable|preload|displaytitle
23:52:08  WARNING   wikipedia_spider —   No content for en/shahi_snan
23:52:09  INFO      wikipedia_spider — [106/128] Fetching hi/shahi_snan: 'शाही स्नान'
23:52:09  INFO      wikipediaapi — Request URL: https://hi.wikipedia.org/w/api.php?action=query&prop=info&titles=शाही स्नान&inprop=protection|talkid|watched|watchers|visitingwatchers|notificationtimestamp|subjectid|url|readable|preload|displaytitle
23:52:09  INFO      wikipediaapi — Request URL: https://hi.wikipedia.org/w/api.php?action=query&prop=extracts&titles=कुम्भ मेला&explaintext=1&exsectionformat=wiki
23:52:10  INFO      wikipedia_spider —   Saved shahi_snan_hi.json (7443 chars)
23:52:11  INFO      wikipedia_spider — [107/128] Fetching mr/shahi_snan: 'शाही स्नान'
23:52:11  INFO      wikipediaapi — Request URL: https://mr.wikipedia.org/w/api.php?action=query&prop=info&titles=शाही स्नान&inprop=protection|talkid|watched|watchers|visitingwatchers|notificationtimestamp|subjectid|url|readable|preload|displaytitle
23:52:11  WARNING   wikipedia_spider —   No content for mr/shahi_snan
23:52:13  INFO      wikipedia_spider — [108/128] Fetching gu/shahi_snan: 'શાહી સ્નાન'
23:52:13  INFO      wikipediaapi — Request URL: https://gu.wikipedia.org/w/api.php?action=query&prop=info&titles=શાહી સ્નાન&inprop=protection|talkid|watched|watchers|visitingwatchers|notificationtimestamp|subjectid|url|readable|preload|displaytitle
23:52:13  WARNING   wikipedia_spider —   No content for gu/shahi_snan
23:52:14  INFO      wikipedia_spider — [109/128] Fetching ta/shahi_snan: 'ஷாஹி ஸ்நான்'
23:52:14  INFO      wikipediaapi — Request URL: https://ta.wikipedia.org/w/api.php?action=query&prop=info&titles=ஷாஹி ஸ்நான்&inprop=protection|talkid|watched|watchers|visitingwatchers|notificationtimestamp|subjectid|url|readable|preload|displaytitle
23:52:16  WARNING   wikipedia_spider —   No content for ta/shahi_snan
23:52:17  INFO      wikipedia_spider — [110/128] Fetching te/shahi_snan: 'శాహి స్నాన్'
23:52:17  INFO      wikipediaapi — Request URL: https://te.wikipedia.org/w/api.php?action=query&prop=info&titles=శాహి స్నాన్&inprop=protection|talkid|watched|watchers|visitingwatchers|notificationtimestamp|subjectid|url|readable|preload|displaytitle
23:52:18  WARNING   wikipedia_spider —   No content for te/shahi_snan
23:52:19  INFO      wikipedia_spider — [111/128] Fetching kn/shahi_snan: 'ಶಾಹಿ ಸ್ನಾನ'
23:52:19  INFO      wikipediaapi — Request URL: https://kn.wikipedia.org/w/api.php?action=query&prop=info&titles=ಶಾಹಿ ಸ್ನಾನ&inprop=protection|talkid|watched|watchers|visitingwatchers|notificationtimestamp|subjectid|url|readable|preload|displaytitle
23:52:19  WARNING   wikipedia_spider —   No content for kn/shahi_snan
23:52:20  INFO      wikipedia_spider — [112/128] Fetching ml/shahi_snan: 'ഷാഹി സ്നാൻ'
23:52:20  INFO      wikipediaapi — Request URL: https://ml.wikipedia.org/w/api.php?action=query&prop=info&titles=ഷാഹി സ്നാൻ&inprop=protection|talkid|watched|watchers|visitingwatchers|notificationtimestamp|subjectid|url|readable|preload|displaytitle
23:52:21  WARNING   wikipedia_spider —   No content for ml/shahi_snan
23:52:22  INFO      wikipedia_spider — [113/128] Fetching en/hindu_pilgrimage: 'Hindu pilgrimage'
23:52:22  INFO      wikipediaapi — Request URL: https://en.wikipedia.org/w/api.php?action=query&prop=info&titles=Hindu pilgrimage&inprop=protection|talkid|watched|watchers|visitingwatchers|notificationtimestamp|subjectid|url|readable|preload|displaytitle
23:52:22  INFO      wikipediaapi — Request URL: https://en.wikipedia.org/w/api.php?action=query&prop=extracts&titles=Hindu pilgrimage sites&explaintext=1&exsectionformat=wiki
23:52:23  INFO      wikipedia_spider —   Saved hindu_pilgrimage_en.json (6530 chars)
23:52:24  INFO      wikipedia_spider — [114/128] Fetching hi/hindu_pilgrimage: 'हिंदू तीर्थयात्रा'
23:52:24  INFO      wikipediaapi — Request URL: https://hi.wikipedia.org/w/api.php?action=query&prop=info&titles=हिंदू तीर्थयात्रा&inprop=protection|talkid|watched|watchers|visitingwatchers|notificationtimestamp|subjectid|url|readable|preload|displaytitle
23:52:25  WARNING   wikipedia_spider —   No content for hi/hindu_pilgrimage
23:52:26  INFO      wikipedia_spider — [115/128] Fetching mr/hindu_pilgrimage: 'हिंदू तीर्थयात्रा'
23:52:26  INFO      wikipediaapi — Request URL: https://mr.wikipedia.org/w/api.php?action=query&prop=info&titles=हिंदू तीर्थयात्रा&inprop=protection|talkid|watched|watchers|visitingwatchers|notificationtimestamp|subjectid|url|readable|preload|displaytitle
23:52:27  WARNING   wikipedia_spider —   No content for mr/hindu_pilgrimage
23:52:28  INFO      wikipedia_spider — [116/128] Fetching gu/hindu_pilgrimage: 'હિન્દુ તીર્થ'
23:52:28  INFO      wikipediaapi — Request URL: https://gu.wikipedia.org/w/api.php?action=query&prop=info&titles=હિન્દુ તીર્થ&inprop=protection|talkid|watched|watchers|visitingwatchers|notificationtimestamp|subjectid|url|readable|preload|displaytitle
23:52:29  WARNING   wikipedia_spider —   No content for gu/hindu_pilgrimage
23:52:30  INFO      wikipedia_spider — [117/128] Fetching ta/hindu_pilgrimage: 'இந்து யாத்திரை'
23:52:30  INFO      wikipediaapi — Request URL: https://ta.wikipedia.org/w/api.php?action=query&prop=info&titles=இந்து யாத்திரை&inprop=protection|talkid|watched|watchers|visitingwatchers|notificationtimestamp|subjectid|url|readable|preload|displaytitle
23:52:31  WARNING   wikipedia_spider —   No content for ta/hindu_pilgrimage
23:52:32  INFO      wikipedia_spider — [118/128] Fetching te/hindu_pilgrimage: 'హిందూ తీర్థయాత్ర'
23:52:32  INFO      wikipediaapi — Request URL: https://te.wikipedia.org/w/api.php?action=query&prop=info&titles=హిందూ తీర్థయాత్ర&inprop=protection|talkid|watched|watchers|visitingwatchers|notificationtimestamp|subjectid|url|readable|preload|displaytitle
23:52:33  WARNING   wikipedia_spider —   No content for te/hindu_pilgrimage
23:52:34  INFO      wikipedia_spider — [119/128] Fetching kn/hindu_pilgrimage: 'ಹಿಂದೂ ತೀರ್ಥಯಾತ್ರೆ'
23:52:34  INFO      wikipediaapi — Request URL: https://kn.wikipedia.org/w/api.php?action=query&prop=info&titles=ಹಿಂದೂ ತೀರ್ಥಯಾತ್ರೆ&inprop=protection|talkid|watched|watchers|visitingwatchers|notificationtimestamp|subjectid|url|readable|preload|displaytitle
23:52:35  WARNING   wikipedia_spider —   No content for kn/hindu_pilgrimage
23:52:36  INFO      wikipedia_spider — [120/128] Fetching ml/hindu_pilgrimage: 'ഹിന്ദു തീർഥാടനം'
23:52:36  INFO      wikipediaapi — Request URL: https://ml.wikipedia.org/w/api.php?action=query&prop=info&titles=ഹിന്ദു തീർഥാടനം&inprop=protection|talkid|watched|watchers|visitingwatchers|notificationtimestamp|subjectid|url|readable|preload|displaytitle
23:52:36  WARNING   wikipedia_spider —   No content for ml/hindu_pilgrimage
23:52:37  INFO      wikipedia_spider — [121/128] Fetching en/pandav_leni: 'Pandav Leni Caves'
23:52:37  INFO      wikipediaapi — Request URL: https://en.wikipedia.org/w/api.php?action=query&prop=info&titles=Pandav Leni Caves&inprop=protection|talkid|watched|watchers|visitingwatchers|notificationtimestamp|subjectid|url|readable|preload|displaytitle
23:52:38  INFO      wikipediaapi — Request URL: https://en.wikipedia.org/w/api.php?action=query&prop=extracts&titles=Nasik Caves&explaintext=1&exsectionformat=wiki
23:52:39  INFO      wikipedia_spider —   Saved pandav_leni_en.json (32670 chars)
23:52:40  INFO      wikipedia_spider — [122/128] Fetching hi/pandav_leni: 'पांडव लेणी'
23:52:40  INFO      wikipediaapi — Request URL: https://hi.wikipedia.org/w/api.php?action=query&prop=info&titles=पांडव लेणी&inprop=protection|talkid|watched|watchers|visitingwatchers|notificationtimestamp|subjectid|url|readable|preload|displaytitle
23:52:40  WARNING   wikipedia_spider —   No content for hi/pandav_leni
23:52:41  INFO      wikipedia_spider — [123/128] Fetching mr/pandav_leni: 'पांडव लेणी'
23:52:41  INFO      wikipediaapi — Request URL: https://mr.wikipedia.org/w/api.php?action=query&prop=info&titles=पांडव लेणी&inprop=protection|talkid|watched|watchers|visitingwatchers|notificationtimestamp|subjectid|url|readable|preload|displaytitle
23:52:42  INFO      wikipediaapi — Request URL: https://mr.wikipedia.org/w/api.php?action=query&prop=extracts&titles=त्रिरश्मी लेणी&explaintext=1&exsectionformat=wiki
23:52:42  INFO      wikipedia_spider —   Saved pandav_leni_mr.json (1665 chars)
23:52:43  INFO      wikipedia_spider — [124/128] Fetching gu/pandav_leni: 'પાંડવ લેણી'
23:52:43  INFO      wikipediaapi — Request URL: https://gu.wikipedia.org/w/api.php?action=query&prop=info&titles=પાંડવ લેણી&inprop=protection|talkid|watched|watchers|visitingwatchers|notificationtimestamp|subjectid|url|readable|preload|displaytitle
23:52:44  WARNING   wikipedia_spider —   No content for gu/pandav_leni
23:52:45  INFO      wikipedia_spider — [125/128] Fetching ta/pandav_leni: 'பாண்டவ் லேணி'
23:52:45  INFO      wikipediaapi — Request URL: https://ta.wikipedia.org/w/api.php?action=query&prop=info&titles=பாண்டவ் லேணி&inprop=protection|talkid|watched|watchers|visitingwatchers|notificationtimestamp|subjectid|url|readable|preload|displaytitle
23:52:46  WARNING   wikipedia_spider —   No content for ta/pandav_leni
23:52:47  INFO      wikipedia_spider — [126/128] Fetching te/pandav_leni: 'పాండవ్ లేణి'
23:52:47  INFO      wikipediaapi — Request URL: https://te.wikipedia.org/w/api.php?action=query&prop=info&titles=పాండవ్ లేణి&inprop=protection|talkid|watched|watchers|visitingwatchers|notificationtimestamp|subjectid|url|readable|preload|displaytitle
23:52:48  WARNING   wikipedia_spider —   No content for te/pandav_leni
23:52:49  INFO      wikipedia_spider — [127/128] Fetching kn/pandav_leni: 'ಪಾಂಡವ ಲೇಣಿ'
23:52:49  INFO      wikipediaapi — Request URL: https://kn.wikipedia.org/w/api.php?action=query&prop=info&titles=ಪಾಂಡವ ಲೇಣಿ&inprop=protection|talkid|watched|watchers|visitingwatchers|notificationtimestamp|subjectid|url|readable|preload|displaytitle
23:52:49  WARNING   wikipedia_spider —   No content for kn/pandav_leni
23:52:50  INFO      wikipedia_spider — [128/128] Fetching ml/pandav_leni: 'പാണ്ഡവ് ലേണി'
23:52:50  INFO      wikipediaapi — Request URL: https://ml.wikipedia.org/w/api.php?action=query&prop=info&titles=പാണ്ഡവ് ലേണി&inprop=protection|talkid|watched|watchers|visitingwatchers|notificationtimestamp|subjectid|url|readable|preload|displaytitle
23:52:51  WARNING   wikipedia_spider —   No content for ml/pandav_leni
23:52:52  INFO      wikipedia_spider — DONE — Fetched: 40 | Skipped: 0 | Failed: 88 | Total: 128
23:52:52  INFO      run_all_crawlers — ✔  [wikipedia] done in 250.1s | result: {'fetched': 40, 'skipped': 0, 'failed': 88, 'total': 128}
23:52:52  INFO      run_all_crawlers — ==================================================
23:52:52  INFO      run_all_crawlers — ▶  Crawler 2/4 — OpenStreetMap places (temples, ghats, hospitals, transport …)
23:52:52  INFO      run_all_crawlers — ==================================================
23:52:52  ERROR     run_all_crawlers — ✘  [osm] FAILED:
Traceback (most recent call last):
  File "/home/sidharth/Kumbh/crawler/run_all_crawlers.py", line 124, in run_crawler
    mod = load_module(crawler["module"])
  File "/home/sidharth/Kumbh/crawler/run_all_crawlers.py", line 99, in load_module
    spec.loader.exec_module(mod)
    ~~~~~~~~~~~~~~~~~~~~~~~^^^^^
  File "<frozen importlib._bootstrap_external>", line 1026, in exec_module
  File "<frozen importlib._bootstrap>", line 488, in _call_with_frames_removed
  File "/home/sidharth/Kumbh/crawler/spiders/osm_places.py", line 112, in <module>
    def query_category(api: overpy.API, category: str, filters: list[str], bbox: tuple) -> list[dict]:
                            ^^^^^^^^^^
AttributeError: module 'overpy' has no attribute 'API'

23:52:52  WARNING   run_all_crawlers — Crawler [osm] failed — continuing with remaining crawlers.
23:52:52  INFO      run_all_crawlers — ==================================================
23:52:52  INFO      run_all_crawlers — ▶  Crawler 3/4 — Lokmat, Dainik Bhaskar, Maharashtra Times, Navbharat Times, The Hindu, TOI
23:52:52  INFO      run_all_crawlers — ==================================================
23:52:53  INFO      news_crawler — === Source: Lokmat (mr) ===
23:52:55  INFO      news_crawler — [lokmat] Found 60 candidate URLs
23:55:12  INFO      news_crawler — [lokmat] Total saved: 0
23:55:12  INFO      news_crawler — === Source: Dainik Bhaskar (hi) ===
23:55:12  INFO      news_crawler — [dainik_bhaskar] Found 0 candidate URLs
23:55:14  INFO      news_crawler — [dainik_bhaskar] Total saved: 0
23:55:14  INFO      news_crawler — === Source: Maharashtra Times (mr) ===
23:55:15  ERROR     news_crawler — [maha_times] Search page failed: 404 Client Error: Not Found for url: https://maharashtratimes.com/searchresult.cms?query=%E0%A4%A8%E0%A4%BE%E0%A4%B6%E0%A4%BF%E0%A4%95%20%E0%A4%95%E0%A5%81%E0%A4%82%E0%A4%AD%E0%A4%AE%E0%A5%87%E0%A4%B3%E0%A4%BE
23:55:17  INFO      news_crawler — [maha_times] Total saved: 0
23:55:17  INFO      news_crawler — === Source: Navbharat Times (hi) ===
23:55:17  ERROR     news_crawler — [navbharat_times] Search page failed: 404 Client Error: Not Found for url: https://navbharattimes.indiatimes.com/searchresult.cms?query=%E0%A4%A8%E0%A4%BE%E0%A4%B6%E0%A4%BF%E0%A4%95%20%E0%A4%95%E0%A5%81%E0%A4%82%E0%A4%AD
23:55:19  INFO      news_crawler — [navbharat_times] Total saved: 0
23:55:19  INFO      news_crawler — === Source: The Hindu (en) ===
23:55:19  WARNING   news_crawler — [the_hindu] robots.txt disallows: https://www.thehindu.com/search/?q=Nashik%20Kumbh%20Mela%202027&type=article
23:55:21  INFO      news_crawler — [the_hindu] Total saved: 0
23:55:21  INFO      news_crawler — === Source: Times of India (en) ===
23:55:22  INFO      news_crawler — [times_of_india] Found 60 candidate URLs
23:57:46  INFO      news_crawler — [times_of_india] Total saved: 0
23:57:46  INFO      run_all_crawlers — ✔  [news] done in 293.5s | result: {'lokmat': 0, 'dainik_bhaskar': 0, 'maha_times': 0, 'navbharat_times': 0, 'the_hindu': 0, 'times_of_india': 0}
23:57:46  INFO      run_all_crawlers — ==================================================
23:57:46  INFO      run_all_crawlers — ▶  Crawler 4/4 — IndicQA, Samanantar, AI4Bharat news (HuggingFace)
23:57:46  INFO      run_all_crawlers — ==================================================
23:57:47  INFO      datasets — PyTorch version 2.5.1 available.
23:57:48  INFO      indic_datasets — Loading IndicQA config=indicqa.hi ...
23:58:27  INFO      indic_datasets — IndicQA [hi]: 467 relevant items
23:58:27  INFO      indic_datasets — Loading IndicQA config=indicqa.mr ...
23:58:32  INFO      indic_datasets — IndicQA [mr]: 214 relevant items
23:58:32  INFO      indic_datasets — [indicqa/hi] Saved 467 records → indicqa_hi.json
23:58:32  INFO      indic_datasets — [indicqa/mr] Saved 214 records → indicqa_mr.json
23:58:32  INFO      indic_datasets — [indicqa] Total: 681 records
23:58:32  INFO      indic_datasets — Loading Samanantar config=en-hi ...
23:58:36  ERROR     indic_datasets — Failed to load ai4bharat/samanantar/en-hi: BuilderConfig 'en-hi' not found. Available: ['as', 'bn', 'gu', 'hi', 'kn', 'ml', 'mr', 'or', 'pa', 'ta', 'te']
23:58:36  INFO      indic_datasets — Loading Samanantar config=en-mr ...
23:58:38  ERROR     indic_datasets — Failed to load ai4bharat/samanantar/en-mr: BuilderConfig 'en-mr' not found. Available: ['as', 'bn', 'gu', 'hi', 'kn', 'ml', 'mr', 'or', 'pa', 'ta', 'te']
23:58:38  INFO      indic_datasets — Loading Samanantar config=en-gu ...
23:58:40  ERROR     indic_datasets — Failed to load ai4bharat/samanantar/en-gu: BuilderConfig 'en-gu' not found. Available: ['as', 'bn', 'gu', 'hi', 'kn', 'ml', 'mr', 'or', 'pa', 'ta', 'te']
23:58:40  WARNING   indic_datasets — [samanantar] No relevant records found.
23:58:40  INFO      indic_datasets — Loading AI4Bharat news config=hindi-news ...
23:58:40  WARNING   indic_datasets — Failed to load ai4bharat/IndicNLPSuite/hindi-news (may not exist): Dataset 'ai4bharat/IndicNLPSuite' doesn't exist on the Hub or cannot be accessed.
23:58:40  INFO      indic_datasets — Loading AI4Bharat news config=marathi-news ...
23:58:40  WARNING   indic_datasets — Failed to load ai4bharat/IndicNLPSuite/marathi-news (may not exist): Dataset 'ai4bharat/IndicNLPSuite' doesn't exist on the Hub or cannot be accessed.
23:58:40  WARNING   indic_datasets — [ai4bharat_news] No relevant records found.
23:58:40  INFO      indic_datasets — Loading CC-100 [hi] ...
00:04:15  INFO      indic_datasets — CC-100 [hi]: 5000 relevant items
00:04:15  INFO      indic_datasets — Loading CC-100 [mr] ...
00:04:20  ERROR     indic_datasets — Error running cc100: https://data.statmt.org/cc-100/mr.txt.xz
00:04:20  INFO      indic_datasets — [cc100/hi] Saved 5000 records → cc100_hi.json
00:04:20  INFO      indic_datasets — [cc100] Total: 5000 records
00:04:20  INFO      run_all_crawlers — ✔  [indic_datasets] done in 394.4s | result: {'indicqa': 681, 'samanantar': 0, 'ai4bharat_news': 0, 'cc100': 5000}
00:04:20  INFO      run_all_crawlers — Crawl summary saved → /home/sidharth/Kumbh/crawler/crawl_summary.json
